[INFO  - 2023-04-20T22:39:55.782Z] GhostDriver - Main - running on port 52871
[INFO  - 2023-04-20T22:40:00.340Z] Session [48a32fd0-dfcc-11ed-a5de-2f9b658976ae] - page.settings - {"XSSAuditingEnabled":false,"javascriptCanCloseWindows":true,"javascriptCanOpenWindows":true,"javascriptEnabled":true,"loadImages":true,"localToRemoteUrlAccessEnabled":false,"userAgent":"Mozilla/5.0 (Windows NT 6.2; WOW64) AppleWebKit/538.1 (KHTML, like Gecko) PhantomJS/2.1.1 Safari/538.1","webSecurityEnabled":true}
[INFO  - 2023-04-20T22:40:00.340Z] Session [48a32fd0-dfcc-11ed-a5de-2f9b658976ae] - page.customHeaders:  - {}
[INFO  - 2023-04-20T22:40:00.340Z] Session [48a32fd0-dfcc-11ed-a5de-2f9b658976ae] - Session.negotiatedCapabilities - {"browserName":"phantomjs","version":"2.1.1","driverName":"ghostdriver","driverVersion":"1.2.0","platform":"windows-10-32bit","javascriptEnabled":true,"takesScreenshot":true,"handlesAlerts":false,"databaseEnabled":false,"locationContextEnabled":false,"applicationCacheEnabled":false,"browserConnectionEnabled":false,"cssSelectorsEnabled":true,"webStorageEnabled":false,"rotatable":false,"acceptSslCerts":false,"nativeEvents":true,"proxy":{"proxyType":"direct"}}
[INFO  - 2023-04-20T22:40:00.340Z] SessionManagerReqHand - _postNewSessionCommand - New Session Created: 48a32fd0-dfcc-11ed-a5de-2f9b658976ae
[ERROR - 2023-04-20T22:40:05.480Z] Session [48a32fd0-dfcc-11ed-a5de-2f9b658976ae] - page.onError - msg: TypeError: undefined is not a constructor (evaluating 'Object.values(response.products)')

  phantomjs://platform/console++.js:263 in error
[ERROR - 2023-04-20T22:40:05.481Z] Session [48a32fd0-dfcc-11ed-a5de-2f9b658976ae] - page.onError - stack:
  (anonymous function) (https://www.ncei.noaa.gov/cmb-lib/js/search-monitoring.js:22)
  c (https://www.ncei.noaa.gov/cmb-lib/assets/jquery-3.6.0.min.js:2)
  fireWith (https://www.ncei.noaa.gov/cmb-lib/assets/jquery-3.6.0.min.js:2)
  l (https://www.ncei.noaa.gov/cmb-lib/assets/jquery-3.6.0.min.js:2)
  (anonymous function) (https://www.ncei.noaa.gov/cmb-lib/assets/jquery-3.6.0.min.js:2)

  phantomjs://platform/console++.js:263 in error
[ERROR - 2023-04-20T22:40:11.291Z] Session [48a32fd0-dfcc-11ed-a5de-2f9b658976ae] - page.onError - msg: TypeError: undefined is not a constructor (evaluating 'Object.values(response.products)')

  phantomjs://platform/console++.js:263 in error
[ERROR - 2023-04-20T22:40:11.291Z] Session [48a32fd0-dfcc-11ed-a5de-2f9b658976ae] - page.onError - stack:
  (anonymous function) (https://www.ncei.noaa.gov/cmb-lib/js/search-monitoring.js:22)
  c (https://www.ncei.noaa.gov/cmb-lib/assets/jquery-3.6.0.min.js:2)
  fireWith (https://www.ncei.noaa.gov/cmb-lib/assets/jquery-3.6.0.min.js:2)
  l (https://www.ncei.noaa.gov/cmb-lib/assets/jquery-3.6.0.min.js:2)
  (anonymous function) (https://www.ncei.noaa.gov/cmb-lib/assets/jquery-3.6.0.min.js:2)

  phantomjs://platform/console++.js:263 in error
[ERROR - 2023-04-20T22:40:14.097Z] Session [48a32fd0-dfcc-11ed-a5de-2f9b658976ae] - page.onError - msg: TypeError: undefined is not a constructor (evaluating 'Object.values(response.products)')

  phantomjs://platform/console++.js:263 in error
[ERROR - 2023-04-20T22:40:14.097Z] Session [48a32fd0-dfcc-11ed-a5de-2f9b658976ae] - page.onError - stack:
  (anonymous function) (https://www.ncei.noaa.gov/cmb-lib/js/search-monitoring.js:22)
  c (https://www.ncei.noaa.gov/cmb-lib/assets/jquery-3.6.0.min.js:2)
  fireWith (https://www.ncei.noaa.gov/cmb-lib/assets/jquery-3.6.0.min.js:2)
  l (https://www.ncei.noaa.gov/cmb-lib/assets/jquery-3.6.0.min.js:2)
  (anonymous function) (https://www.ncei.noaa.gov/cmb-lib/assets/jquery-3.6.0.min.js:2)

  phantomjs://platform/console++.js:263 in error
[ERROR - 2023-04-20T22:40:21.304Z] Session [48a32fd0-dfcc-11ed-a5de-2f9b658976ae] - page.onError - msg: TypeError: undefined is not a constructor (evaluating 'Object.values(response.products)')

  phantomjs://platform/console++.js:263 in error
[ERROR - 2023-04-20T22:40:21.304Z] Session [48a32fd0-dfcc-11ed-a5de-2f9b658976ae] - page.onError - stack:
  (anonymous function) (https://www.ncei.noaa.gov/cmb-lib/js/search-monitoring.js:22)
  c (https://www.ncei.noaa.gov/cmb-lib/assets/jquery-3.6.0.min.js:2)
  fireWith (https://www.ncei.noaa.gov/cmb-lib/assets/jquery-3.6.0.min.js:2)
  l (https://www.ncei.noaa.gov/cmb-lib/assets/jquery-3.6.0.min.js:2)
  (anonymous function) (https://www.ncei.noaa.gov/cmb-lib/assets/jquery-3.6.0.min.js:2)

  phantomjs://platform/console++.js:263 in error
[ERROR - 2023-04-20T22:40:26.369Z] Session [48a32fd0-dfcc-11ed-a5de-2f9b658976ae] - page.onError - msg: TypeError: undefined is not a constructor (evaluating 'Object.values(response.products)')

  phantomjs://platform/console++.js:263 in error
[ERROR - 2023-04-20T22:40:26.370Z] Session [48a32fd0-dfcc-11ed-a5de-2f9b658976ae] - page.onError - stack:
  (anonymous function) (https://www.ncei.noaa.gov/cmb-lib/js/search-monitoring.js:22)
  c (https://www.ncei.noaa.gov/cmb-lib/assets/jquery-3.6.0.min.js:2)
  fireWith (https://www.ncei.noaa.gov/cmb-lib/assets/jquery-3.6.0.min.js:2)
  l (https://www.ncei.noaa.gov/cmb-lib/assets/jquery-3.6.0.min.js:2)
  (anonymous function) (https://www.ncei.noaa.gov/cmb-lib/assets/jquery-3.6.0.min.js:2)

  phantomjs://platform/console++.js:263 in error
[ERROR - 2023-04-20T22:40:31.655Z] Session [48a32fd0-dfcc-11ed-a5de-2f9b658976ae] - page.onError - msg: TypeError: undefined is not a constructor (evaluating 'Object.values(response.products)')

  phantomjs://platform/console++.js:263 in error
[ERROR - 2023-04-20T22:40:31.655Z] Session [48a32fd0-dfcc-11ed-a5de-2f9b658976ae] - page.onError - stack:
  (anonymous function) (https://www.ncei.noaa.gov/cmb-lib/js/search-monitoring.js:22)
  c (https://www.ncei.noaa.gov/cmb-lib/assets/jquery-3.6.0.min.js:2)
  fireWith (https://www.ncei.noaa.gov/cmb-lib/assets/jquery-3.6.0.min.js:2)
  l (https://www.ncei.noaa.gov/cmb-lib/assets/jquery-3.6.0.min.js:2)
  (anonymous function) (https://www.ncei.noaa.gov/cmb-lib/assets/jquery-3.6.0.min.js:2)

  phantomjs://platform/console++.js:263 in error
[ERROR - 2023-04-20T22:40:35.129Z] Session [48a32fd0-dfcc-11ed-a5de-2f9b658976ae] - page.onError - msg: TypeError: undefined is not a constructor (evaluating 'Object.values(response.products)')

  phantomjs://platform/console++.js:263 in error
[ERROR - 2023-04-20T22:40:35.130Z] Session [48a32fd0-dfcc-11ed-a5de-2f9b658976ae] - page.onError - stack:
  (anonymous function) (https://www.ncei.noaa.gov/cmb-lib/js/search-monitoring.js:22)
  c (https://www.ncei.noaa.gov/cmb-lib/assets/jquery-3.6.0.min.js:2)
  fireWith (https://www.ncei.noaa.gov/cmb-lib/assets/jquery-3.6.0.min.js:2)
  l (https://www.ncei.noaa.gov/cmb-lib/assets/jquery-3.6.0.min.js:2)
  (anonymous function) (https://www.ncei.noaa.gov/cmb-lib/assets/jquery-3.6.0.min.js:2)

  phantomjs://platform/console++.js:263 in error
[ERROR - 2023-04-20T22:40:41.055Z] Session [48a32fd0-dfcc-11ed-a5de-2f9b658976ae] - page.onError - msg: TypeError: undefined is not a constructor (evaluating 'Object.values(response.products)')

  phantomjs://platform/console++.js:263 in error
[ERROR - 2023-04-20T22:40:41.056Z] Session [48a32fd0-dfcc-11ed-a5de-2f9b658976ae] - page.onError - stack:
  (anonymous function) (https://www.ncei.noaa.gov/cmb-lib/js/search-monitoring.js:22)
  c (https://www.ncei.noaa.gov/cmb-lib/assets/jquery-3.6.0.min.js:2)
  fireWith (https://www.ncei.noaa.gov/cmb-lib/assets/jquery-3.6.0.min.js:2)
  l (https://www.ncei.noaa.gov/cmb-lib/assets/jquery-3.6.0.min.js:2)
  (anonymous function) (https://www.ncei.noaa.gov/cmb-lib/assets/jquery-3.6.0.min.js:2)

  phantomjs://platform/console++.js:263 in error
[ERROR - 2023-04-20T22:40:43.974Z] Session [48a32fd0-dfcc-11ed-a5de-2f9b658976ae] - page.onError - msg: TypeError: undefined is not a constructor (evaluating 'Object.values(response.products)')

  phantomjs://platform/console++.js:263 in error
[ERROR - 2023-04-20T22:40:43.974Z] Session [48a32fd0-dfcc-11ed-a5de-2f9b658976ae] - page.onError - stack:
  (anonymous function) (https://www.ncei.noaa.gov/cmb-lib/js/search-monitoring.js:22)
  c (https://www.ncei.noaa.gov/cmb-lib/assets/jquery-3.6.0.min.js:2)
  fireWith (https://www.ncei.noaa.gov/cmb-lib/assets/jquery-3.6.0.min.js:2)
  l (https://www.ncei.noaa.gov/cmb-lib/assets/jquery-3.6.0.min.js:2)
  (anonymous function) (https://www.ncei.noaa.gov/cmb-lib/assets/jquery-3.6.0.min.js:2)

  phantomjs://platform/console++.js:263 in error
[ERROR - 2023-04-20T22:40:50.869Z] Session [48a32fd0-dfcc-11ed-a5de-2f9b658976ae] - page.onError - msg: TypeError: undefined is not a constructor (evaluating 'Object.values(response.products)')

  phantomjs://platform/console++.js:263 in error
[ERROR - 2023-04-20T22:40:50.869Z] Session [48a32fd0-dfcc-11ed-a5de-2f9b658976ae] - page.onError - stack:
  (anonymous function) (https://www.ncei.noaa.gov/cmb-lib/js/search-monitoring.js:22)
  c (https://www.ncei.noaa.gov/cmb-lib/assets/jquery-3.6.0.min.js:2)
  fireWith (https://www.ncei.noaa.gov/cmb-lib/assets/jquery-3.6.0.min.js:2)
  l (https://www.ncei.noaa.gov/cmb-lib/assets/jquery-3.6.0.min.js:2)
  (anonymous function) (https://www.ncei.noaa.gov/cmb-lib/assets/jquery-3.6.0.min.js:2)

  phantomjs://platform/console++.js:263 in error
[ERROR - 2023-04-20T22:40:53.948Z] Session [48a32fd0-dfcc-11ed-a5de-2f9b658976ae] - page.onError - msg: TypeError: undefined is not a constructor (evaluating 'Object.values(response.products)')

  phantomjs://platform/console++.js:263 in error
[ERROR - 2023-04-20T22:40:53.948Z] Session [48a32fd0-dfcc-11ed-a5de-2f9b658976ae] - page.onError - stack:
  (anonymous function) (https://www.ncei.noaa.gov/cmb-lib/js/search-monitoring.js:22)
  c (https://www.ncei.noaa.gov/cmb-lib/assets/jquery-3.6.0.min.js:2)
  fireWith (https://www.ncei.noaa.gov/cmb-lib/assets/jquery-3.6.0.min.js:2)
  l (https://www.ncei.noaa.gov/cmb-lib/assets/jquery-3.6.0.min.js:2)
  (anonymous function) (https://www.ncei.noaa.gov/cmb-lib/assets/jquery-3.6.0.min.js:2)

  phantomjs://platform/console++.js:263 in error
[ERROR - 2023-04-20T22:41:00.833Z] Session [48a32fd0-dfcc-11ed-a5de-2f9b658976ae] - page.onError - msg: TypeError: undefined is not a constructor (evaluating 'Object.values(response.products)')

  phantomjs://platform/console++.js:263 in error
[ERROR - 2023-04-20T22:41:00.834Z] Session [48a32fd0-dfcc-11ed-a5de-2f9b658976ae] - page.onError - stack:
  (anonymous function) (https://www.ncei.noaa.gov/cmb-lib/js/search-monitoring.js:22)
  c (https://www.ncei.noaa.gov/cmb-lib/assets/jquery-3.6.0.min.js:2)
  fireWith (https://www.ncei.noaa.gov/cmb-lib/assets/jquery-3.6.0.min.js:2)
  l (https://www.ncei.noaa.gov/cmb-lib/assets/jquery-3.6.0.min.js:2)
  (anonymous function) (https://www.ncei.noaa.gov/cmb-lib/assets/jquery-3.6.0.min.js:2)

  phantomjs://platform/console++.js:263 in error
